Start testing: Nov 30 15:35 CET
----------------------------------------------------------
1/1 Testing: CommonPthreadError
1/1 Test: CommonPthreadError
Command: "/usr/bin/perl" "/home/oem/Documents/SEPC/tp3/ensimag-video/C/tests/pthcocci.pl"
Directory: /home/oem/Documents/SEPC/tp3/ensimag-video/C/build
"CommonPthreadError" start time: Nov 30 15:35 CET
Output:
----------------------------------------------------------
sh: 1: spatch: not found
Can't exec "spatch": No such file or directory at /home/oem/Documents/SEPC/tp3/ensimag-video/C/tests/pthcocci.pl line 17.
<end of output>
Test time =   0.01 sec
----------------------------------------------------------
Test Passed.
"CommonPthreadError" end time: Nov 30 15:35 CET
"CommonPthreadError" time elapsed: 00:00:00
----------------------------------------------------------

End testing: Nov 30 15:35 CET
